<?xml version='1.0'?>
<ns2:test-suite xmlns:ns2='urn:model.allure.qatools.yandex.ru' start='1666512606716' stop='1666512717934'>
    <name>Footer DeveloperDocs page</name>
    <title>Footer DeveloperDocs page</title>
    <test-cases>
        <test-case start='1666512606717' status='broken' stop='1666512657917'>
            <name>Should clicks Development and SDK Setup buttons</name>
            <title>Should clicks Development and SDK Setup buttons</title>
            <labels>
                <label name='language' value='javascript'/>
                <label name='framework' value='wdio'/>
                <label name='thread' value='0-3'/>
            </labels>
            <parameters>
                <parameter kind='argument' name='browser' value='chrome-106.0.5249.119'/>
            </parameters>
            <steps/>
            <attachments/>
            <failure>
                <message>No window found with title, url or name matching "Telnyx Developers"</message>
                <stack-trace>Error: No window found with title, url or name matching "Telnyx Developers"
                    at Browser.switchWindow (C:\TestProjects\WebdriverTelnyxTest\node_modules\webdriverio\build\commands\browser\switchWindow.js:71:11)
                    at processTicksAndRejections (node:internal/process/task_queues:96:5)
                    at async Browser.wrapCommandFn (C:\TestProjects\WebdriverTelnyxTest\node_modules\@wdio\utils\build\shim.js:137:29)
                    at async DeveloperDocsPage.clickFooterDeveloperDocsBtn (C:\TestProjects\WebdriverTelnyxTest\test\pageobjects\developerdocs.page.ts:30:9)
                    at async Context.&lt;anonymous> (C:\TestProjects\WebdriverTelnyxTest\test\specs\developerdocs.spec.ts:8:9)</stack-trace>
            </failure>
        </test-case>
        <test-case start='1666512657919' status='broken' stop='1666512717930'>
            <name>Should clicks APIv1 and View details buttons</name>
            <title>Should clicks APIv1 and View details buttons</title>
            <labels>
                <label name='language' value='javascript'/>
                <label name='framework' value='wdio'/>
                <label name='thread' value='0-3'/>
            </labels>
            <parameters>
                <parameter kind='argument' name='browser' value='chrome-106.0.5249.119'/>
            </parameters>
            <steps/>
            <attachments/>
            <failure>
                <message>Timeout of 60000ms exceeded. The execution in the test "Footer DeveloperDocs page Should clicks APIv1 and View details buttons" took too long. Try to reduce the run time or increase your timeout for test specs (https://webdriver.io/docs/timeouts). (C:\TestProjects\WebdriverTelnyxTest\test\specs\developerdocs.spec.ts)</message>
                <stack-trace>Error: Timeout of 60000ms exceeded. The execution in the test "Footer DeveloperDocs page Should clicks APIv1 and View details buttons" took too long. Try to reduce the run time or increase your timeout for test specs (https://webdriver.io/docs/timeouts). (C:\TestProjects\WebdriverTelnyxTest\test\specs\developerdocs.spec.ts)
                    at createTimeoutError (C:\TestProjects\WebdriverTelnyxTest\node_modules\mocha\lib\errors.js:498:15)
                    at Test.Runnable._timeoutError (C:\TestProjects\WebdriverTelnyxTest\node_modules\mocha\lib\runnable.js:431:10)
                    at Timeout.&lt;anonymous> (C:\TestProjects\WebdriverTelnyxTest\node_modules\mocha\lib\runnable.js:246:24)
                    at listOnTimeout (node:internal/timers:559:17)
                    at processTimers (node:internal/timers:502:7)</stack-trace>
            </failure>
        </test-case>
    </test-cases>
</ns2:test-suite>