<?xml version='1.0'?>
<ns2:test-suite xmlns:ns2='urn:model.allure.qatools.yandex.ru' start='1666512606769' stop='1666512792643'>
    <name>Footer AboutUs page</name>
    <title>Footer AboutUs page</title>
    <test-cases>
        <test-case start='1666512606770' status='passed' stop='1666512639292'>
            <name>Should click Amsterdam Google Maps link </name>
            <title>Should click Amsterdam Google Maps link </title>
            <labels>
                <label name='language' value='javascript'/>
                <label name='framework' value='wdio'/>
                <label name='thread' value='0-0'/>
            </labels>
            <parameters>
                <parameter kind='argument' name='browser' value='chrome-106.0.5249.119'/>
            </parameters>
            <steps/>
            <attachments/>
        </test-case>
        <test-case start='1666512639294' status='broken' stop='1666512699329'>
            <name>Should click Denver Google Maps link </name>
            <title>Should click Denver Google Maps link </title>
            <labels>
                <label name='language' value='javascript'/>
                <label name='framework' value='wdio'/>
                <label name='thread' value='0-0'/>
            </labels>
            <parameters>
                <parameter kind='argument' name='browser' value='chrome-106.0.5249.119'/>
            </parameters>
            <steps/>
            <attachments/>
            <failure>
                <message>Timeout of 60000ms exceeded. The execution in the test "Footer AboutUs page Should click Denver Google Maps link " took too long. Try to reduce the run time or increase your timeout for test specs (https://webdriver.io/docs/timeouts). (C:\TestProjects\WebdriverTelnyxTest\test\specs\aboutus.spec.ts)</message>
                <stack-trace>Error: Timeout of 60000ms exceeded. The execution in the test "Footer AboutUs page Should click Denver Google Maps link " took too long. Try to reduce the run time or increase your timeout for test specs (https://webdriver.io/docs/timeouts). (C:\TestProjects\WebdriverTelnyxTest\test\specs\aboutus.spec.ts)
                    at createTimeoutError (C:\TestProjects\WebdriverTelnyxTest\node_modules\mocha\lib\errors.js:498:15)
                    at Test.Runnable._timeoutError (C:\TestProjects\WebdriverTelnyxTest\node_modules\mocha\lib\runnable.js:431:10)
                    at Timeout.&lt;anonymous> (C:\TestProjects\WebdriverTelnyxTest\node_modules\mocha\lib\runnable.js:246:24)
                    at listOnTimeout (node:internal/timers:559:17)
                    at processTimers (node:internal/timers:502:7)</stack-trace>
            </failure>
        </test-case>
        <test-case start='1666512699334' status='broken' stop='1666512759362'>
            <name>Should click Dublin Google Maps link </name>
            <title>Should click Dublin Google Maps link </title>
            <labels>
                <label name='language' value='javascript'/>
                <label name='framework' value='wdio'/>
                <label name='thread' value='0-0'/>
            </labels>
            <parameters>
                <parameter kind='argument' name='browser' value='chrome-106.0.5249.119'/>
            </parameters>
            <steps/>
            <attachments/>
            <failure>
                <message>Timeout of 60000ms exceeded. The execution in the test "Footer AboutUs page Should click Dublin Google Maps link " took too long. Try to reduce the run time or increase your timeout for test specs (https://webdriver.io/docs/timeouts). (C:\TestProjects\WebdriverTelnyxTest\test\specs\aboutus.spec.ts)</message>
                <stack-trace>Error: Timeout of 60000ms exceeded. The execution in the test "Footer AboutUs page Should click Dublin Google Maps link " took too long. Try to reduce the run time or increase your timeout for test specs (https://webdriver.io/docs/timeouts). (C:\TestProjects\WebdriverTelnyxTest\test\specs\aboutus.spec.ts)
                    at createTimeoutError (C:\TestProjects\WebdriverTelnyxTest\node_modules\mocha\lib\errors.js:498:15)
                    at Test.Runnable._timeoutError (C:\TestProjects\WebdriverTelnyxTest\node_modules\mocha\lib\runnable.js:431:10)
                    at Timeout.&lt;anonymous> (C:\TestProjects\WebdriverTelnyxTest\node_modules\mocha\lib\runnable.js:246:24)
                    at listOnTimeout (node:internal/timers:559:17)
                    at processTimers (node:internal/timers:502:7)</stack-trace>
            </failure>
        </test-case>
        <test-case start='1666512759367' status='passed' stop='1666512780763'>
            <name>Should click Chicago Google Maps link </name>
            <title>Should click Chicago Google Maps link </title>
            <labels>
                <label name='language' value='javascript'/>
                <label name='framework' value='wdio'/>
                <label name='thread' value='0-0'/>
            </labels>
            <parameters>
                <parameter kind='argument' name='browser' value='chrome-106.0.5249.119'/>
            </parameters>
            <steps/>
            <attachments/>
        </test-case>
        <test-case start='1666512780764' status='passed' stop='1666512792642'>
            <name>Should click Warsaw Google Maps link </name>
            <title>Should click Warsaw Google Maps link </title>
            <labels>
                <label name='language' value='javascript'/>
                <label name='framework' value='wdio'/>
                <label name='thread' value='0-0'/>
            </labels>
            <parameters>
                <parameter kind='argument' name='browser' value='chrome-106.0.5249.119'/>
            </parameters>
            <steps/>
            <attachments/>
        </test-case>
    </test-cases>
</ns2:test-suite>